(2023-06-04 21:01:20.428 INFO) - download_dataset: Dataset already exists.
(2023-06-04 21:01:20.431 INFO) - main: Arguments: Namespace(batch_size=50, epochs=200, learning_rate=0.001, num_classes=10, device_id=0, device=device(type='cuda', index=0), model='cnn')
(2023-06-04 21:01:20.472 INFO) - get_data_data_loader: Train data: 15000 -- Validation data: 5000 -- Test data: 2355
(2023-06-04 21:01:20.476 INFO) - main:     Epoch | Train loss | Train accuracy | Validation loss | Validation accuracy | Test loss | Test accuracy | Time (seconds)
(2023-06-04 21:02:08.898 INFO) - train: 1   / 200 |   1.867161 |       0.295200 |        1.583947 |            0.425000 |  1.559597 |      0.454777 |          46.59
(2023-06-04 21:02:52.750 INFO) - train: 2   / 200 |   1.558591 |       0.447867 |        1.514307 |            0.438200 |  1.515551 |      0.471762 |          43.85
(2023-06-04 21:03:39.042 INFO) - train: 3   / 200 |   1.458467 |       0.497400 |        1.391180 |            0.537800 |  1.381361 |      0.564756 |          46.29
(2023-06-04 21:04:22.047 INFO) - train: 4   / 200 |   1.372995 |       0.543267 |        1.327702 |            0.568800 |  1.348018 |      0.568577 |          43.00
(2023-06-04 21:05:06.783 INFO) - train: 5   / 200 |   1.316764 |       0.571133 |        1.256895 |            0.582400 |  1.200545 |      0.633121 |          44.74
(2023-06-04 21:05:52.094 INFO) - train: 6   / 200 |   1.202687 |       0.613200 |        1.147754 |            0.624200 |  1.145462 |      0.628875 |          45.31
(2023-06-04 21:06:37.958 INFO) - train: 7   / 200 |   1.172250 |       0.623467 |        1.145682 |            0.626800 |  1.114893 |      0.656476 |          45.86
(2023-06-04 21:07:22.729 INFO) - train: 8   / 200 |   1.149159 |       0.627600 |        1.127850 |            0.629000 |  1.099170 |      0.661146 |          44.77
(2023-06-04 21:08:04.766 INFO) - train: 9   / 200 |   1.145901 |       0.636533 |        1.131099 |            0.630200 |  1.111399 |      0.655626 |          42.04
(2023-06-04 21:08:48.499 INFO) - train: 10  / 200 |   1.130981 |       0.639867 |        1.099468 |            0.638800 |  1.094364 |      0.658174 |          43.73
(2023-06-04 21:09:36.669 INFO) - train: 11  / 200 |   1.115929 |       0.643533 |        1.105601 |            0.636800 |  1.084433 |      0.661996 |          48.17
(2023-06-04 21:10:22.680 INFO) - train: 12  / 200 |   1.111968 |       0.646800 |        1.101284 |            0.638000 |  1.074422 |      0.662420 |          46.01
(2023-06-04 21:11:10.037 INFO) - train: 13  / 200 |   1.117225 |       0.642733 |        1.106555 |            0.634200 |  1.081409 |      0.661996 |          47.36
(2023-06-04 21:11:56.069 INFO) - train: 14  / 200 |   1.117510 |       0.643267 |        1.104565 |            0.638000 |  1.077109 |      0.659873 |          46.03
(2023-06-04 21:12:42.474 INFO) - train: 15  / 200 |   1.121167 |       0.640000 |        1.103400 |            0.639600 |  1.076653 |      0.662845 |          46.40
(2023-06-04 21:13:27.714 INFO) - train: 16  / 200 |   1.107798 |       0.645467 |        1.102479 |            0.639400 |  1.075831 |      0.664119 |          45.24
(2023-06-04 21:14:12.944 INFO) - train: 17  / 200 |   1.107534 |       0.649200 |        1.101966 |            0.639400 |  1.075731 |      0.663694 |          45.23
(2023-06-04 21:14:59.556 INFO) - train: 18  / 200 |   1.107562 |       0.645800 |        1.101837 |            0.639400 |  1.074426 |      0.661996 |          46.61
(2023-06-04 21:15:43.257 INFO) - train: 19  / 200 |   1.105508 |       0.646467 |        1.101131 |            0.640000 |  1.073509 |      0.661571 |          43.70
(2023-06-04 21:16:29.778 INFO) - train: 20  / 200 |   1.112727 |       0.649533 |        1.100651 |            0.639800 |  1.073872 |      0.663694 |          46.52
(2023-06-04 21:16:29.780 INFO) - save_results: Results saved to ../results/cnn/cnn_bs50_lr0.001_ep200.h5

====================================================================================================
(2023-06-04 21:44:06.509 INFO) - download_dataset: Dataset already exists.
(2023-06-04 21:44:06.513 INFO) - main: Arguments: Namespace(batch_size=50, epochs=200, learning_rate=0.001, num_classes=10, device_id=0, device=device(type='cuda', index=0), model='cnn')
(2023-06-04 21:44:06.545 INFO) - get_data_data_loader: Train data: 15000 -- Validation data: 5000 -- Test data: 2355
(2023-06-04 21:44:06.560 INFO) - main:     Epoch | Train loss | Train accuracy | Validation loss | Validation accuracy | Test loss | Test accuracy | Time (seconds)
(2023-06-04 21:44:40.931 INFO) - train: 1   / 200 |   1.976967 |       0.235800 |        1.596104 |            0.350200 |  1.674783 |      0.376645 |          33.41
(2023-06-04 21:45:14.112 INFO) - train: 2   / 200 |   1.643491 |       0.398267 |        1.521813 |            0.446400 |  1.489118 |      0.521868 |          33.18
(2023-06-04 21:45:46.535 INFO) - train: 3   / 200 |   1.518894 |       0.470867 |        1.401670 |            0.514800 |  1.361606 |      0.574098 |          32.42
(2023-06-04 21:46:19.113 INFO) - train: 4   / 200 |   1.442248 |       0.513267 |        1.394806 |            0.486400 |  1.377310 |      0.549045 |          32.58
(2023-06-04 21:46:50.023 INFO) - train: 5   / 200 |   1.375474 |       0.547067 |        1.254492 |            0.578600 |  1.233274 |      0.630149 |          30.91
(2023-06-04 21:47:22.796 INFO) - train: 6   / 200 |   1.248956 |       0.595267 |        1.218053 |            0.605000 |  1.172500 |      0.641614 |          32.77
(2023-06-04 21:47:55.091 INFO) - train: 7   / 200 |   1.202885 |       0.612867 |        1.181581 |            0.624800 |  1.149651 |      0.654352 |          32.29
(2023-06-04 21:48:27.387 INFO) - train: 8   / 200 |   1.193949 |       0.612933 |        1.172818 |            0.628400 |  1.126973 |      0.663270 |          32.30
(2023-06-04 21:48:59.723 INFO) - train: 9   / 200 |   1.175327 |       0.622800 |        1.177380 |            0.627000 |  1.123441 |      0.657749 |          32.34
(2023-06-04 21:49:32.301 INFO) - train: 10  / 200 |   1.159012 |       0.628467 |        1.148283 |            0.641000 |  1.102973 |      0.664968 |          32.58
(2023-06-04 21:50:03.197 INFO) - train: 11  / 200 |   1.139596 |       0.632933 |        1.152209 |            0.640000 |  1.107049 |      0.664968 |          30.90
(2023-06-04 21:50:33.838 INFO) - train: 12  / 200 |   1.141094 |       0.632067 |        1.149194 |            0.639800 |  1.104162 |      0.667091 |          30.64
(2023-06-04 21:51:06.603 INFO) - train: 13  / 200 |   1.130716 |       0.636467 |        1.150104 |            0.639200 |  1.109762 |      0.664119 |          32.76
(2023-06-04 21:51:39.302 INFO) - train: 14  / 200 |   1.140634 |       0.634000 |        1.149828 |            0.639400 |  1.106442 |      0.662420 |          32.70
(2023-06-04 21:52:08.022 INFO) - train: 15  / 200 |   1.138179 |       0.637400 |        1.144676 |            0.643600 |  1.102815 |      0.665817 |          28.72
(2023-06-04 21:52:40.463 INFO) - train: 16  / 200 |   1.141029 |       0.633667 |        1.145003 |            0.643000 |  1.103559 |      0.666667 |          32.44
(2023-06-04 21:53:13.356 INFO) - train: 17  / 200 |   1.136720 |       0.640667 |        1.145202 |            0.643200 |  1.103891 |      0.665393 |          32.89
(2023-06-04 21:53:44.311 INFO) - train: 18  / 200 |   1.131245 |       0.639667 |        1.144758 |            0.643000 |  1.103764 |      0.664968 |          30.95
(2023-06-04 21:54:16.786 INFO) - train: 19  / 200 |   1.125237 |       0.643400 |        1.144910 |            0.643600 |  1.104084 |      0.664544 |          32.48
(2023-06-04 21:54:48.896 INFO) - train: 20  / 200 |   1.119690 |       0.642200 |        1.144678 |            0.644200 |  1.103674 |      0.665393 |          32.11
(2023-06-04 21:55:21.220 INFO) - train: 21  / 200 |   1.133167 |       0.638467 |        1.144745 |            0.644400 |  1.103683 |      0.665393 |          32.32
(2023-06-04 21:55:53.778 INFO) - train: 22  / 200 |   1.124529 |       0.642067 |        1.144731 |            0.644200 |  1.103663 |      0.665393 |          32.56
(2023-06-04 21:56:26.531 INFO) - train: 23  / 200 |   1.128448 |       0.640600 |        1.144709 |            0.644200 |  1.103708 |      0.665393 |          32.75
(2023-06-04 21:57:03.223 INFO) - train: 24  / 200 |   1.136774 |       0.638400 |        1.144775 |            0.644400 |  1.103792 |      0.665393 |          36.69
(2023-06-04 21:57:40.768 INFO) - train: 25  / 200 |   1.129413 |       0.639400 |        1.144784 |            0.644400 |  1.103807 |      0.665393 |          37.54
(2023-06-04 21:57:40.770 INFO) - save_results: Results saved to ../results/cnn/cnn_bs50_lr0.001_ep200.h5

====================================================================================================
(2023-06-04 22:02:06.468 INFO) - download_dataset: Dataset already exists.
(2023-06-04 22:02:06.472 INFO) - main: Arguments: Namespace(batch_size=50, epochs=200, learning_rate=0.001, num_classes=10, device_id=0, device=device(type='cuda', index=0), model='cnn')
(2023-06-04 22:02:06.505 INFO) - get_data_loader: Train data: 15000 -- Validation data: 5000 -- Test data: 2355
(2023-06-04 22:02:06.521 INFO) - main:     Epoch | Train loss | Train accuracy | Validation loss | Validation accuracy | Test loss | Test accuracy | Time (seconds)
(2023-06-04 22:02:44.905 INFO) - train: 1   / 200 |   2.037399 |       0.216067 |        1.712736 |            0.343400 |  1.684378 |      0.408917 |          37.21
(2023-06-04 22:03:20.934 INFO) - train: 2   / 200 |   1.685376 |       0.377533 |        1.588686 |            0.417800 |  1.553810 |      0.508280 |          36.03
(2023-06-04 22:03:57.806 INFO) - train: 3   / 200 |   1.555296 |       0.455133 |        1.566237 |            0.475200 |  1.531678 |      0.551592 |          36.87
(2023-06-04 22:04:36.095 INFO) - train: 4   / 200 |   1.481675 |       0.490000 |        1.611055 |            0.494800 |  1.580007 |      0.549469 |          38.29
(2023-06-04 22:05:11.707 INFO) - train: 5   / 200 |   1.453807 |       0.509133 |        1.562866 |            0.483800 |  1.567769 |      0.523142 |          35.61
(2023-06-04 22:05:50.218 INFO) - train: 6   / 200 |   1.342846 |       0.552667 |        1.438145 |            0.550000 |  1.408311 |      0.594904 |          38.51
(2023-06-04 22:06:28.710 INFO) - train: 7   / 200 |   1.317425 |       0.567667 |        1.421057 |            0.549200 |  1.392014 |      0.588535 |          38.49
(2023-06-04 22:07:02.594 INFO) - train: 8   / 200 |   1.301552 |       0.576400 |        1.437434 |            0.540600 |  1.398647 |      0.582166 |          33.88
(2023-06-04 22:07:35.462 INFO) - train: 9   / 200 |   1.289369 |       0.580133 |        1.409241 |            0.554400 |  1.365602 |      0.600000 |          32.87
(2023-06-04 22:08:06.125 INFO) - train: 10  / 200 |   1.269688 |       0.586600 |        1.410775 |            0.549000 |  1.371859 |      0.583864 |          30.66
(2023-06-04 22:08:38.896 INFO) - train: 11  / 200 |   1.265410 |       0.591133 |        1.396419 |            0.562800 |  1.350874 |      0.601699 |          32.77
(2023-06-04 22:09:11.257 INFO) - train: 12  / 200 |   1.260076 |       0.593267 |        1.394437 |            0.565600 |  1.345420 |      0.608068 |          32.36
(2023-06-04 22:09:44.125 INFO) - train: 13  / 200 |   1.257772 |       0.591000 |        1.397199 |            0.564400 |  1.348786 |      0.604246 |          32.87
(2023-06-04 22:10:16.568 INFO) - train: 14  / 200 |   1.252919 |       0.595533 |        1.393641 |            0.563000 |  1.350339 |      0.600425 |          32.44
(2023-06-04 22:10:47.256 INFO) - train: 15  / 200 |   1.254368 |       0.594267 |        1.387391 |            0.568800 |  1.345983 |      0.603822 |          30.69
(2023-06-04 22:11:19.929 INFO) - train: 16  / 200 |   1.248905 |       0.597333 |        1.388524 |            0.568800 |  1.346378 |      0.603822 |          32.67
(2023-06-04 22:11:52.650 INFO) - train: 17  / 200 |   1.252384 |       0.597000 |        1.389104 |            0.568200 |  1.345621 |      0.603822 |          32.72
(2023-06-04 22:12:25.332 INFO) - train: 18  / 200 |   1.244166 |       0.601067 |        1.389532 |            0.568000 |  1.345694 |      0.603397 |          32.68
(2023-06-04 22:12:55.949 INFO) - train: 19  / 200 |   1.247101 |       0.595267 |        1.389732 |            0.568000 |  1.346000 |      0.602548 |          30.62
(2023-06-04 22:13:26.505 INFO) - train: 20  / 200 |   1.248606 |       0.593333 |        1.389929 |            0.567400 |  1.346481 |      0.602548 |          30.56
(2023-06-04 22:13:59.575 INFO) - train: 21  / 200 |   1.254152 |       0.596067 |        1.389974 |            0.567600 |  1.346476 |      0.602548 |          33.07
(2023-06-04 22:14:30.526 INFO) - train: 22  / 200 |   1.251051 |       0.596000 |        1.389933 |            0.567800 |  1.346416 |      0.602548 |          30.95
(2023-06-04 22:15:03.520 INFO) - train: 23  / 200 |   1.242667 |       0.597400 |        1.389907 |            0.567800 |  1.346338 |      0.602972 |          32.99

====================================================================================================
(2023-06-04 22:19:35.702 INFO) - download_dataset: Dataset already exists.
(2023-06-04 22:19:35.705 INFO) - main: Arguments: Namespace(batch_size=50, epochs=200, learning_rate=0.005, num_classes=10, device_id=0, device=device(type='cuda', index=0), model='cnn')
(2023-06-04 22:19:35.737 INFO) - get_data_loader: Train data: 15000 -- Validation data: 5000 -- Test data: 2355
(2023-06-04 22:19:35.753 INFO) - main:     Epoch | Train loss | Train accuracy | Validation loss | Validation accuracy | Test loss | Test accuracy | Time (seconds)
(2023-06-04 22:20:09.263 INFO) - train: 1   / 200 |   2.172271 |       0.188000 |        1.937757 |            0.264800 |  1.950880 |      0.284926 |          32.53
(2023-06-04 22:20:42.550 INFO) - train: 2   / 200 |   2.003233 |       0.246067 |        1.906339 |            0.288600 |  1.936936 |      0.287049 |          33.29
(2023-06-04 22:21:15.011 INFO) - train: 3   / 200 |   1.966407 |       0.262267 |        1.992184 |            0.232400 |  1.979502 |      0.305308 |          32.46
(2023-06-04 22:21:48.513 INFO) - train: 4   / 200 |   1.922035 |       0.281267 |        1.795017 |            0.300400 |  1.774572 |      0.384289 |          33.50
(2023-06-04 22:22:21.471 INFO) - train: 5   / 200 |   1.918663 |       0.285467 |        1.812318 |            0.321600 |  1.810223 |      0.350743 |          32.96
(2023-06-04 22:22:54.008 INFO) - train: 6   / 200 |   1.864352 |       0.304400 |        1.818487 |            0.315000 |  1.802281 |      0.349469 |          32.54
(2023-06-04 22:23:26.503 INFO) - train: 7   / 200 |   1.847524 |       0.316733 |        1.834733 |            0.311000 |  1.804458 |      0.342675 |          32.49
(2023-06-04 22:23:59.465 INFO) - train: 8   / 200 |   1.839792 |       0.317600 |        1.817956 |            0.320400 |  1.796111 |      0.346497 |          32.96
(2023-06-04 22:24:32.573 INFO) - train: 9   / 200 |   1.831826 |       0.326067 |        1.806798 |            0.321400 |  1.772509 |      0.353291 |          33.11
(2023-06-04 22:25:03.379 INFO) - train: 10  / 200 |   1.823470 |       0.325067 |        1.798952 |            0.325400 |  1.770409 |      0.355414 |          30.81
(2023-06-04 22:25:34.332 INFO) - train: 11  / 200 |   1.815389 |       0.330067 |        1.796235 |            0.328200 |  1.774972 |      0.352017 |          30.95
(2023-06-04 22:26:07.449 INFO) - train: 12  / 200 |   1.815522 |       0.332533 |        1.797503 |            0.329000 |  1.773193 |      0.349045 |          33.12
(2023-06-04 22:26:40.412 INFO) - train: 13  / 200 |   1.809281 |       0.335067 |        1.790231 |            0.331600 |  1.768539 |      0.353291 |          32.96
(2023-06-04 22:27:13.760 INFO) - train: 14  / 200 |   1.810029 |       0.333133 |        1.801241 |            0.326800 |  1.774423 |      0.348620 |          33.35
(2023-06-04 22:27:46.903 INFO) - train: 15  / 200 |   1.809415 |       0.331400 |        1.783158 |            0.330600 |  1.758472 |      0.358811 |          33.14
(2023-06-04 22:28:19.535 INFO) - train: 16  / 200 |   1.809147 |       0.333400 |        1.785826 |            0.331000 |  1.760975 |      0.357962 |          32.63
(2023-06-04 22:28:51.575 INFO) - train: 17  / 200 |   1.810451 |       0.330733 |        1.786872 |            0.331800 |  1.762295 |      0.356688 |          32.04
(2023-06-04 22:29:25.307 INFO) - train: 18  / 200 |   1.806818 |       0.333133 |        1.788707 |            0.331200 |  1.763612 |      0.355839 |          33.73
(2023-06-04 22:29:59.354 INFO) - train: 19  / 200 |   1.809115 |       0.332267 |        1.788559 |            0.331200 |  1.763256 |      0.356688 |          34.05
(2023-06-04 22:30:33.952 INFO) - train: 20  / 200 |   1.807633 |       0.330800 |        1.788678 |            0.331000 |  1.763433 |      0.355839 |          34.60
(2023-06-04 22:31:05.484 INFO) - train: 21  / 200 |   1.809758 |       0.333133 |        1.788811 |            0.330800 |  1.763628 |      0.355839 |          31.53
(2023-06-04 22:31:38.382 INFO) - train: 22  / 200 |   1.806240 |       0.335400 |        1.788777 |            0.330800 |  1.763590 |      0.355839 |          32.90
(2023-06-04 22:32:11.152 INFO) - train: 23  / 200 |   1.812235 |       0.332267 |        1.788989 |            0.331000 |  1.763806 |      0.355839 |          32.77
(2023-06-04 22:32:43.620 INFO) - train: 24  / 200 |   1.812078 |       0.336133 |        1.788924 |            0.330800 |  1.763761 |      0.355839 |          32.47
(2023-06-04 22:33:15.926 INFO) - train: 25  / 200 |   1.805861 |       0.334867 |        1.788937 |            0.330800 |  1.763757 |      0.355839 |          32.31
(2023-06-04 22:33:15.931 INFO) - save_results: Results saved to ../results/cnn/cnn_bs50_lr0.005_ep200.h5

====================================================================================================
(2023-06-04 22:41:24.181 INFO) - download_dataset: Dataset already exists.
(2023-06-04 22:41:24.185 INFO) - main: Arguments: Namespace(batch_size=50, epochs=200, learning_rate=0.001, num_classes=10, device_id=0, device=device(type='cuda', index=0), model='cnn')
(2023-06-04 22:41:24.217 INFO) - get_data_loader: Train data: 15000 -- Validation data: 5000 -- Test data: 2355
(2023-06-04 22:41:24.221 INFO) - main:     Epoch | Train loss | Train accuracy | Validation loss | Validation accuracy | Test loss | Test accuracy | Time (seconds)
(2023-06-04 22:41:58.631 INFO) - train: 1   / 200 |   1.870158 |       0.307733 |        1.552608 |            0.433600 |  1.566496 |      0.457325 |          33.49
(2023-06-04 22:42:31.535 INFO) - train: 2   / 200 |   1.560830 |       0.449933 |        1.423737 |            0.486200 |  1.387810 |      0.570701 |          32.90
(2023-06-04 22:43:04.744 INFO) - train: 3   / 200 |   1.435583 |       0.521467 |        1.275735 |            0.575400 |  1.283616 |      0.592781 |          33.21
(2023-06-04 22:43:37.946 INFO) - train: 4   / 200 |   1.339354 |       0.557133 |        1.239377 |            0.577000 |  1.184258 |      0.631423 |          33.20
(2023-06-04 22:44:09.089 INFO) - train: 5   / 200 |   1.284042 |       0.577733 |        1.195147 |            0.599800 |  1.220609 |      0.601699 |          31.14
(2023-06-04 22:44:42.045 INFO) - train: 6   / 200 |   1.162059 |       0.623400 |        1.117386 |            0.627600 |  1.112988 |      0.656476 |          32.96
(2023-06-04 22:45:15.041 INFO) - train: 7   / 200 |   1.135477 |       0.632933 |        1.104103 |            0.635200 |  1.075410 |      0.672611 |          33.00
(2023-06-04 22:45:48.159 INFO) - train: 8   / 200 |   1.118017 |       0.639733 |        1.106465 |            0.628200 |  1.062001 |      0.673885 |          33.12
(2023-06-04 22:46:21.426 INFO) - train: 9   / 200 |   1.113314 |       0.639867 |        1.083398 |            0.644200 |  1.056318 |      0.678981 |          33.27
(2023-06-04 22:46:52.911 INFO) - train: 10  / 200 |   1.100794 |       0.646800 |        1.093334 |            0.638200 |  1.077176 |      0.664544 |          31.48
(2023-06-04 22:47:24.201 INFO) - train: 11  / 200 |   1.089852 |       0.648267 |        1.077019 |            0.644800 |  1.054052 |      0.676433 |          31.29
(2023-06-04 22:47:57.205 INFO) - train: 12  / 200 |   1.086694 |       0.649333 |        1.077863 |            0.641400 |  1.057519 |      0.670913 |          33.00
(2023-06-04 22:48:30.745 INFO) - train: 13  / 200 |   1.077201 |       0.655600 |        1.081343 |            0.642200 |  1.062579 |      0.670064 |          33.54
(2023-06-04 22:49:01.245 INFO) - train: 14  / 200 |   1.080042 |       0.654533 |        1.077526 |            0.644000 |  1.057755 |      0.670488 |          30.50
(2023-06-04 22:49:34.243 INFO) - train: 15  / 200 |   1.075974 |       0.658800 |        1.077444 |            0.641200 |  1.059323 |      0.670488 |          33.00
(2023-06-04 22:50:08.021 INFO) - train: 16  / 200 |   1.068973 |       0.660267 |        1.076584 |            0.641800 |  1.057823 |      0.670064 |          33.78
(2023-06-04 22:50:37.076 INFO) - train: 17  / 200 |   1.076217 |       0.655800 |        1.075657 |            0.642600 |  1.055203 |      0.671338 |          29.06
(2023-06-04 22:51:09.978 INFO) - train: 18  / 200 |   1.075769 |       0.658400 |        1.075173 |            0.643600 |  1.054302 |      0.672187 |          32.90
(2023-06-04 22:51:43.036 INFO) - train: 19  / 200 |   1.071116 |       0.656000 |        1.074721 |            0.643000 |  1.053263 |      0.672611 |          33.06
(2023-06-04 22:52:16.391 INFO) - train: 20  / 200 |   1.079619 |       0.652067 |        1.074522 |            0.643200 |  1.053231 |      0.671338 |          33.35
(2023-06-04 22:52:49.438 INFO) - train: 21  / 200 |   1.072497 |       0.653933 |        1.074551 |            0.643200 |  1.053266 |      0.671338 |          33.05
(2023-06-04 22:53:22.208 INFO) - train: 22  / 200 |   1.092283 |       0.650133 |        1.074489 |            0.643000 |  1.053172 |      0.671762 |          32.77
(2023-06-04 22:53:55.027 INFO) - train: 23  / 200 |   1.075688 |       0.659933 |        1.074458 |            0.642800 |  1.053129 |      0.671762 |          32.82
(2023-06-04 22:54:28.713 INFO) - train: 24  / 200 |   1.073558 |       0.654333 |        1.074445 |            0.642800 |  1.053057 |      0.672187 |          33.69
(2023-06-04 22:54:59.503 INFO) - train: 25  / 200 |   1.068889 |       0.656533 |        1.074390 |            0.643000 |  1.052939 |      0.672611 |          30.79
(2023-06-04 22:55:32.665 INFO) - train: 26  / 200 |   1.074815 |       0.657133 |        1.074384 |            0.643000 |  1.052925 |      0.672611 |          33.16
(2023-06-04 22:56:04.142 INFO) - train: 27  / 200 |   1.078195 |       0.652333 |        1.074389 |            0.643000 |  1.052927 |      0.672611 |          31.48
(2023-06-04 22:56:34.987 INFO) - train: 28  / 200 |   1.070149 |       0.656600 |        1.074383 |            0.643000 |  1.052912 |      0.672611 |          30.84
(2023-06-04 22:57:05.844 INFO) - train: 29  / 200 |   1.077477 |       0.654933 |        1.074383 |            0.643000 |  1.052909 |      0.672611 |          30.86
(2023-06-04 22:57:36.934 INFO) - train: 30  / 200 |   1.075790 |       0.652667 |        1.074381 |            0.643000 |  1.052913 |      0.672611 |          31.09
(2023-06-04 22:58:10.539 INFO) - train: 31  / 200 |   1.073851 |       0.655733 |        1.074381 |            0.643000 |  1.052912 |      0.672611 |          33.61
(2023-06-04 22:58:42.344 INFO) - train: 32  / 200 |   1.077144 |       0.657333 |        1.074381 |            0.643000 |  1.052912 |      0.672611 |          31.80
(2023-06-04 22:59:15.086 INFO) - train: 33  / 200 |   1.075622 |       0.654800 |        1.074381 |            0.643000 |  1.052913 |      0.672611 |          32.74
(2023-06-04 22:59:48.062 INFO) - train: 34  / 200 |   1.073103 |       0.653333 |        1.074381 |            0.643000 |  1.052913 |      0.672611 |          32.98
(2023-06-04 23:00:20.851 INFO) - train: 35  / 200 |   1.072648 |       0.652600 |        1.074381 |            0.643000 |  1.052913 |      0.672611 |          32.79
(2023-06-04 23:00:53.804 INFO) - train: 36  / 200 |   1.077676 |       0.657000 |        1.074381 |            0.643000 |  1.052913 |      0.672611 |          32.95
(2023-06-04 23:01:24.306 INFO) - train: 37  / 200 |   1.078636 |       0.653733 |        1.074381 |            0.643000 |  1.052913 |      0.672611 |          30.50
(2023-06-04 23:01:57.073 INFO) - train: 38  / 200 |   1.076850 |       0.655667 |        1.074381 |            0.643000 |  1.052913 |      0.672611 |          32.77
(2023-06-04 23:02:27.603 INFO) - train: 39  / 200 |   1.073213 |       0.659200 |        1.074381 |            0.643000 |  1.052913 |      0.672611 |          30.53
(2023-06-04 23:03:00.614 INFO) - train: 40  / 200 |   1.074464 |       0.654467 |        1.074381 |            0.643000 |  1.052913 |      0.672611 |          33.01
(2023-06-04 23:03:31.500 INFO) - train: 41  / 200 |   1.077412 |       0.654200 |        1.074381 |            0.643000 |  1.052913 |      0.672611 |          30.89
(2023-06-04 23:04:02.494 INFO) - train: 42  / 200 |   1.076650 |       0.656133 |        1.074381 |            0.643000 |  1.052913 |      0.672611 |          30.99
(2023-06-04 23:04:35.786 INFO) - train: 43  / 200 |   1.073538 |       0.658733 |        1.074381 |            0.643000 |  1.052913 |      0.672611 |          33.29
(2023-06-04 23:05:09.273 INFO) - train: 44  / 200 |   1.077974 |       0.652733 |        1.074381 |            0.643000 |  1.052913 |      0.672611 |          33.49
(2023-06-04 23:05:42.161 INFO) - train: 45  / 200 |   1.075780 |       0.653133 |        1.074381 |            0.643000 |  1.052913 |      0.672611 |          32.89
(2023-06-04 23:06:15.056 INFO) - train: 46  / 200 |   1.079781 |       0.655133 |        1.074381 |            0.643000 |  1.052913 |      0.672611 |          32.89
(2023-06-04 23:06:47.293 INFO) - train: 47  / 200 |   1.079803 |       0.651000 |        1.074381 |            0.643000 |  1.052913 |      0.672611 |          32.24
(2023-06-04 23:07:19.960 INFO) - train: 48  / 200 |   1.076947 |       0.655667 |        1.074381 |            0.643000 |  1.052913 |      0.672611 |          32.67
(2023-06-04 23:07:52.285 INFO) - train: 49  / 200 |   1.078848 |       0.650333 |        1.074381 |            0.643000 |  1.052913 |      0.672611 |          32.32
(2023-06-04 23:07:52.288 INFO) - save_results: Results saved to ../results/cnn/cnn_bs50_lr0.001_ep200.h5

====================================================================================================
